<?xml version="1.0" encoding="UTF-8"?>
<testng-results skipped="0" failed="0" total="1" passed="1">
  <reporter-output>
  </reporter-output>
  <suite name="Default suite" duration-ms="60" started-at="2016-06-17T09:13:34Z" finished-at="2016-06-17T09:13:34Z">
    <groups>
    </groups>
    <test name="Default test" duration-ms="60" started-at="2016-06-17T09:13:34Z" finished-at="2016-06-17T09:13:34Z">
      <class name="main.java.TestHttpClient.NewTest">
        <test-method status="PASS" signature="beforeClass()[pri:0, instance:main.java.TestHttpClient.NewTest@548a9f61]" name="beforeClass" is-config="true" duration-ms="15" started-at="2016-06-17T17:13:34Z" finished-at="2016-06-17T17:13:34Z">
          <reporter-output>
          </reporter-output>
        </test-method> <!-- beforeClass -->
        <test-method status="PASS" signature="f()[pri:0, instance:main.java.TestHttpClient.NewTest@548a9f61]" name="f" duration-ms="9" started-at="2016-06-17T17:13:34Z" finished-at="2016-06-17T17:13:34Z">
          <reporter-output>
          </reporter-output>
        </test-method> <!-- f -->
        <test-method status="PASS" signature="afterClass()[pri:0, instance:main.java.TestHttpClient.NewTest@548a9f61]" name="afterClass" is-config="true" duration-ms="3" started-at="2016-06-17T17:13:34Z" finished-at="2016-06-17T17:13:34Z">
          <reporter-output>
          </reporter-output>
        </test-method> <!-- afterClass -->
      </class> <!-- main.java.TestHttpClient.NewTest -->
    </test> <!-- Default test -->
  </suite> <!-- Default suite -->
</testng-results>
